.\Debug\interpreter5.pdb
C:\Users\y36zhao\backup\MyPersonalPC\computer\program\C++\interpreter\interpreter5\Debug\cl.command.1.tlog
C:\Users\y36zhao\backup\MyPersonalPC\computer\program\C++\interpreter\interpreter5\Debug\CL.read.1.tlog
C:\Users\y36zhao\backup\MyPersonalPC\computer\program\C++\interpreter\interpreter5\Debug\CL.write.1.tlog
C:\USERS\Y36ZHAO\BACKUP\MYPERSONALPC\COMPUTER\PROGRAM\C++\INTERPRETER\INTERPRETER5\DEBUG\CVARIABLEINFO.OBJ
C:\USERS\Y36ZHAO\BACKUP\MYPERSONALPC\COMPUTER\PROGRAM\C++\INTERPRETER\INTERPRETER5\DEBUG\GETINPUT.OBJ
C:\Users\y36zhao\backup\MyPersonalPC\computer\program\C++\interpreter\interpreter5\Debug\interpreter5.exe.embed.manifest
C:\USERS\Y36ZHAO\BACKUP\MYPERSONALPC\COMPUTER\PROGRAM\C++\INTERPRETER\INTERPRETER5\DEBUG\INTERPRETER5.EXE.EMBED.MANIFEST.RES
C:\USERS\Y36ZHAO\BACKUP\MYPERSONALPC\COMPUTER\PROGRAM\C++\INTERPRETER\INTERPRETER5\DEBUG\INTERPRETER5.OBJ
C:\Users\y36zhao\backup\MyPersonalPC\computer\program\C++\interpreter\interpreter5\Debug\interpreter5.pch
C:\Users\y36zhao\backup\MyPersonalPC\computer\program\C++\interpreter\interpreter5\Debug\interpreter5.pdb
C:\Users\y36zhao\backup\MyPersonalPC\computer\program\C++\interpreter\interpreter5\Debug\interpreter5.write.1.tlog
C:\Users\y36zhao\backup\MyPersonalPC\computer\program\C++\interpreter\interpreter5\Debug\interpreter5_manifest.rc
C:\Users\y36zhao\backup\MyPersonalPC\computer\program\C++\interpreter\interpreter5\Debug\link.command.1.tlog
C:\Users\y36zhao\backup\MyPersonalPC\computer\program\C++\interpreter\interpreter5\Debug\link.read.1.tlog
C:\Users\y36zhao\backup\MyPersonalPC\computer\program\C++\interpreter\interpreter5\Debug\link.write.1.tlog
C:\Users\y36zhao\backup\MyPersonalPC\computer\program\C++\interpreter\interpreter5\Debug\link-cvtres.read.1.tlog
C:\Users\y36zhao\backup\MyPersonalPC\computer\program\C++\interpreter\interpreter5\Debug\link-cvtres.write.1.tlog
C:\Users\y36zhao\backup\MyPersonalPC\computer\program\C++\interpreter\interpreter5\Debug\rc.command.1.tlog
C:\Users\y36zhao\backup\MyPersonalPC\computer\program\C++\interpreter\interpreter5\Debug\rc.read.1.tlog
C:\Users\y36zhao\backup\MyPersonalPC\computer\program\C++\interpreter\interpreter5\Debug\rc.write.1.tlog
C:\Users\y36zhao\backup\MyPersonalPC\computer\program\C++\interpreter\interpreter5\Debug\vc100.idb
C:\USERS\Y36ZHAO\BACKUP\MYPERSONALPC\COMPUTER\PROGRAM\C++\INTERPRETER\INTERPRETER5\DEBUG\VC100.PDB
C:\Users\y36zhao\backup\MyPersonalPC\computer\program\C++\interpreter\interpreter5\Debug\vc60.idb
C:\Users\y36zhao\backup\MyPersonalPC\computer\program\C++\interpreter\interpreter5\Debug\vc60.pdb
